<?xml version="1.0" encoding="UTF-8"?>
<!-- Generated by org.testng.reporters.JUnitXMLReporter -->
<testsuite hostname="Andrey" name="Command line test" tests="6" failures="0" timestamp="22 May 2016 19:22:53 GMT" time="174.823" errors="0">
  <testcase name="testCreateNewProject" time="7.128" classname="org.bitbucket.automation.CrateProjectTest"/>
  <testcase name="testCreteRepo_withSettings" time="14.555" classname="org.bitbucket.automation.CreateRepoTest"/>
  <testcase name="testCreteRepo_withoutSettings" time="6.88" classname="org.bitbucket.automation.CreateRepoTest"/>
  <testcase name="testCreateNewTeam" time="16.277" classname="org.bitbucket.automation.CreateTeamTest"/>
  <testcase name="testLogin" time="17.157" classname="org.bitbucket.automation.LoginPageTest"/>
  <testcase name="testCreateRepository_AcrossMenu" time="6.096" classname="org.bitbucket.automation.OverviewPageTest"/>
</testsuite> <!-- Command line test -->
